number,value,datetime_start,datetime_complete,duration,params_generations,params_has_variable_mutate_rate,params_mutation_rate,params_population_size,params_selection_size,params_use_crossover,user_attrs_mutation_operator_probabilities,state
91,11160.847222222223,2025-06-08 19:39:16.828755,2025-06-08 19:44:00.728066,0 days 00:04:43.899311,301,False,0.06561017829848322,858,168,True,"[0.4183701064402782, 0.31959568658388393, 0.2239485961847042, 0.03808561079113365]",COMPLETE
92,11051.527777777777,2025-06-08 19:44:00.728420,2025-06-08 19:44:21.324286,0 days 00:00:20.595866,260,False,0.22928777740734188,817,767,True,"[0.6908974398735883, 0.009054252814272261, 0.04181694289694819, 0.2582313644151913]",COMPLETE
93,11078.888888888889,2025-06-08 19:44:21.324816,2025-06-08 19:44:53.347034,0 days 00:00:32.022218,406,False,0.29574223547717776,930,877,True,"[0.4429818403139518, 0.13447475231266423, 0.22370020985872674, 0.1988431975146572]",COMPLETE
94,11167.263888888889,2025-06-08 19:44:53.347479,2025-06-08 19:44:59.453408,0 days 00:00:06.105929,204,False,0.3660649604497726,133,125,True,"[0.1131014124720423, 0.41075015940034953, 0.44103519984905654, 0.03511322827855159]",COMPLETE
95,11072.388888888889,2025-06-08 19:44:59.453689,2025-06-08 19:45:10.071503,0 days 00:00:10.617814,168,False,0.08237366156215442,845,812,True,"[0.3841626031581313, 0.19209680706418983, 0.26346354510555314, 0.1602770446721257]",COMPLETE
96,11056.597222222223,2025-06-08 19:45:10.071895,2025-06-08 19:48:22.420217,0 days 00:03:12.348322,450,False,0.40432848701037294,913,645,True,"[0.2549482731446519, 0.07760252379441743, 0.3550935991549653, 0.3123556039059653]",COMPLETE
97,11047.361111111111,2025-06-08 19:48:22.420568,2025-06-08 19:48:47.496602,0 days 00:00:25.076034,370,False,0.1611641078016936,778,733,True,"[0.08364489878153397, 0.3026441617493427, 0.17132045996536305, 0.4423904795037602]",COMPLETE
98,11106.527777777777,2025-06-08 19:48:47.497076,2025-06-08 19:51:56.316868,0 days 00:03:08.819792,334,False,0.48125608441761736,977,592,True,"[0.2280160263639346, 0.5907474025326829, 0.03157632081270135, 0.1496602502906813]",COMPLETE
99,11038.916666666666,2025-06-08 19:51:56.317489,2025-06-08 19:52:46.086944,0 days 00:00:49.769455,993,False,0.3131553222392469,857,826,True,"[0.11593617449540732, 0.07208951028397963, 0.2756226745166276, 0.5363516407039856]",COMPLETE
