number,value,datetime_start,datetime_complete,duration,params_generations,params_has_variable_mutate_rate,params_mutation_rate,params_population_size,params_selection_size,params_use_crossover,user_attrs_mutation_operator_probabilities,state
91,11179.916666666666,2025-06-07 03:18:38.459493,2025-06-07 03:20:45.506291,0 days 00:02:07.046798,762,True,0.3766363768839625,371,186,False,"[0.4183701064402782, 0.31959568658388393, 0.2239485961847042, 0.03808561079113365]",COMPLETE
92,11186.611111111111,2025-06-07 03:20:45.506761,2025-06-07 03:23:46.443788,0 days 00:03:00.937027,284,False,0.16052559628048294,529,62,False,"[0.6908974398735883, 0.009054252814272261, 0.04181694289694819, 0.2582313644151913]",COMPLETE
93,11182.569444444445,2025-06-07 03:23:46.444292,2025-06-07 03:23:56.986002,0 days 00:00:10.541710,617,True,0.7191809175266036,90,79,False,"[0.4429818403139518, 0.13447475231266423, 0.22370020985872674, 0.1988431975146572]",COMPLETE
94,11167.125,2025-06-07 03:23:56.986766,2025-06-07 03:29:55.317729,0 days 00:05:58.330963,932,True,0.8766439915957713,526,141,False,"[0.1131014124720423, 0.41075015940034953, 0.44103519984905654, 0.03511322827855159]",COMPLETE
95,11177.375,2025-06-07 03:29:55.318015,2025-06-07 03:36:03.393888,0 days 00:06:08.075873,861,False,0.3364300618670876,464,206,True,"[0.3841626031581313, 0.19209680706418983, 0.26346354510555314, 0.1602770446721257]",COMPLETE
96,11029.347222222223,2025-06-07 03:36:03.394624,2025-06-07 03:42:36.576759,0 days 00:06:33.182135,967,True,0.24539970046125922,794,536,True,"[0.2549482731446519, 0.07760252379441743, 0.3550935991549653, 0.3123556039059653]",COMPLETE
97,11096.930555555555,2025-06-07 03:42:36.577379,2025-06-07 03:44:25.155953,0 days 00:01:48.578574,459,False,0.8435464916299181,499,388,True,"[0.08364489878153397, 0.3026441617493427, 0.17132045996536305, 0.4423904795037602]",COMPLETE
98,11165.458333333334,2025-06-07 03:44:25.156542,2025-06-07 03:44:43.416993,0 days 00:00:18.260451,111,True,0.07620835094517366,164,50,True,"[0.2280160263639346, 0.5907474025326829, 0.03157632081270135, 0.1496602502906813]",COMPLETE
99,11150.416666666666,2025-06-07 03:44:43.417570,2025-06-07 03:44:52.806458,0 days 00:00:09.388888,601,True,0.9316960814496258,126,122,False,"[0.11593617449540732, 0.07208951028397963, 0.2756226745166276, 0.5363516407039856]",COMPLETE
