number,value,datetime_start,datetime_complete,duration,params_generations,params_has_variable_mutate_rate,params_mutation_rate,params_population_size,params_selection_size,params_use_crossover,user_attrs_mutation_operator_probabilities,state
0,11179.527777777777,2025-06-06 23:03:21.901319,2025-06-06 23:05:43.004305,0 days 00:02:21.102986,553,False,0.5447934166309031,718,433,False,"[0.3949407129162019, 0.5922363751276989, 0.011504765988698002, 0.0013181459674011687]",COMPLETE
1,11154.888888888889,2025-06-06 23:05:43.004685,2025-06-06 23:06:48.571985,0 days 00:01:05.567300,964,False,0.5288371299133987,389,308,False,"[0.1506355303915499, 0.043301720479387865, 0.7546224421616841, 0.05144030696737835]",COMPLETE
2,11183.513888888889,2025-06-06 23:06:48.572316,2025-06-06 23:07:04.159396,0 days 00:00:15.587080,30,True,0.8692721239503255,835,649,False,"[0.08273460912247735, 0.13938669798416067, 0.3271377805362672, 0.4507409123570948]",COMPLETE
3,11185.166666666666,2025-06-06 23:07:04.159962,2025-06-06 23:09:28.146092,0 days 00:02:23.986130,127,True,0.9437795792154847,644,93,False,"[0.026837065496692757, 0.09505308224209157, 0.34140468400622415, 0.5367051682549916]",COMPLETE
4,11184.472222222223,2025-06-06 23:09:28.146542,2025-06-06 23:15:00.742115,0 days 00:05:32.595573,462,False,0.6174002260817253,573,11,True,"[0.49912212615795826, 0.056602001182718825, 0.4257249037080548, 0.018550968951268013]",COMPLETE
5,11133.486111111111,2025-06-06 23:15:00.742548,2025-06-06 23:16:04.439439,0 days 00:01:03.696891,366,False,0.06110502068601129,443,309,True,"[0.43494419709856946, 0.16424036905972403, 0.28490707299453016, 0.11590836084717633]",COMPLETE
6,11155.555555555555,2025-06-06 23:16:04.439903,2025-06-06 23:17:18.140309,0 days 00:01:13.700406,322,True,0.4387243104353957,370,211,True,"[0.34334629529689814, 0.09111866567720578, 0.2993645425965547, 0.26617049642934126]",COMPLETE
7,11174.638888888889,2025-06-06 23:17:18.140829,2025-06-06 23:19:27.909351,0 days 00:02:09.768522,657,True,0.24493674081759953,261,122,True,"[0.22135252793178753, 0.3207377658683681, 0.1778720548073249, 0.2800376513925194]",COMPLETE
8,11071.666666666666,2025-06-06 23:19:27.909771,2025-06-06 23:19:54.997940,0 days 00:00:27.088169,204,True,0.09790707324147514,375,308,True,"[0.0954647868962183, 0.25675110781158944, 0.09165753816697864, 0.5561265671252138]",COMPLETE
9,11055.805555555555,2025-06-06 23:19:54.998483,2025-06-06 23:23:49.286942,0 days 00:03:54.288459,977,True,0.040109416669812034,609,450,True,"[0.574763628660341, 0.08625991961602655, 0.16444043356293817, 0.17453601816069408]",COMPLETE
10,11178.388888888889,2025-06-06 23:23:49.287335,2025-06-06 23:26:27.871569,0 days 00:02:38.584234,325,True,0.6920871751312798,420,27,True,"[0.21692576199956654, 0.1302847716553962, 0.5274349034506639, 0.1253545628943734]",COMPLETE
11,11170.236111111111,2025-06-06 23:26:27.872108,2025-06-06 23:36:20.107372,0 days 00:09:52.235264,580,False,0.6670755592037543,930,296,True,"[0.11858475181020678, 0.27803618157784765, 0.5797248434596043, 0.023654223152341336]",COMPLETE
12,11187.625,2025-06-06 23:36:20.107887,2025-06-06 23:36:27.676889,0 days 00:00:07.569002,591,True,0.0056860852401619715,29,24,False,"[0.22837259329677517, 0.7084207746411397, 0.015659707828498133, 0.047546924233586876]",COMPLETE
13,11160.569444444445,2025-06-06 23:36:27.677265,2025-06-06 23:37:20.020977,0 days 00:00:52.343712,256,False,0.5721074019792917,580,343,False,"[0.358710293470254, 0.29735649312313966, 0.33640524182405523, 0.007527971582551028]",COMPLETE
14,11080.666666666666,2025-06-06 23:37:20.021447,2025-06-06 23:38:18.422412,0 days 00:00:58.400965,703,True,0.3967127293652907,304,247,True,"[0.5049955433629453, 0.053005724421133604, 0.1376582344065283, 0.30434049780939293]",COMPLETE
15,11087.013888888889,2025-06-06 23:38:18.422989,2025-06-06 23:38:32.130167,0 days 00:00:13.707178,728,False,0.6437022188311782,506,483,False,"[0.5742029465166818, 0.3496905470654274, 0.06665332332181295, 0.009453183096077889]",COMPLETE
16,11179.75,2025-06-06 23:38:32.130806,2025-06-06 23:40:12.518701,0 days 00:01:40.387895,664,False,0.4289111635438746,297,183,False,"[0.1664128476404589, 0.5508103410878739, 0.013673412694420175, 0.26910339857724713]",COMPLETE
17,11183.194444444445,2025-06-06 23:40:12.519364,2025-06-06 23:43:03.763410,0 days 00:02:51.244046,579,True,0.431555598563106,657,428,False,"[0.6197132740491483, 0.01736576122512951, 0.15441542608512826, 0.20850553864059373]",COMPLETE
18,11185.736111111111,2025-06-06 23:43:03.763688,2025-06-06 23:52:38.669450,0 days 00:09:34.905762,808,False,0.9186436485171842,707,71,False,"[0.3233808486664564, 0.27885748512883823, 0.29651705142842283, 0.10124461477628247]",COMPLETE
19,11181.583333333334,2025-06-06 23:52:38.669885,2025-06-06 23:54:35.069238,0 days 00:01:56.399353,171,True,0.8473122128635899,620,77,True,"[0.3408869492871127, 0.4257982319438627, 0.20199065144715916, 0.03132416732186557]",COMPLETE
20,11164.777777777777,2025-06-06 23:54:35.069933,2025-06-06 23:57:08.023215,0 days 00:02:32.953282,701,True,0.865649561276772,459,331,False,"[0.14468357219721728, 0.3586363943876792, 0.09024457382468949, 0.406435459590414]",COMPLETE
21,11165.805555555555,2025-06-06 23:57:08.023738,2025-06-06 23:58:26.325840,0 days 00:01:18.302102,733,True,0.055229312362575125,180,94,True,"[0.044680619111363847, 0.18817950841554498, 0.7380204618442173, 0.02911941062887392]",COMPLETE
22,11091.166666666666,2025-06-06 23:58:26.326320,2025-06-07 00:00:31.938248,0 days 00:02:05.611928,352,False,0.03277525167224523,929,654,True,"[0.22029052656083098, 0.2458997147459256, 0.05780500526307615, 0.4760047534301673]",COMPLETE
23,11160.986111111111,2025-06-07 00:00:31.938973,2025-06-07 00:08:16.368843,0 days 00:07:44.429870,935,True,0.5897301564018619,618,331,True,"[0.11707730936559117, 0.21144627543614855, 0.08708563467401714, 0.5843907805242432]",COMPLETE
24,11138.986111111111,2025-06-07 00:08:16.369340,2025-06-07 00:09:56.062724,0 days 00:01:39.693384,194,False,0.49047789100033196,945,699,False,"[0.169414055466739, 0.058108945335867516, 0.20383335083390533, 0.568643648363488]",COMPLETE
25,11170.333333333334,2025-06-07 00:09:56.063308,2025-06-07 00:13:43.473460,0 days 00:03:47.410152,318,False,0.18024447020451553,700,265,True,"[0.07003261504075958, 0.0011727764630571913, 0.4280966733378712, 0.5006979351583118]",COMPLETE
26,11101.041666666666,2025-06-07 00:13:43.473758,2025-06-07 00:13:56.939225,0 days 00:00:13.465467,541,True,0.217463190429677,898,889,False,"[0.1132031705011761, 0.4808019195188638, 0.02195480115242272, 0.3840401088275375]",COMPLETE
27,11184.930555555555,2025-06-07 00:13:56.939585,2025-06-07 00:14:56.099402,0 days 00:00:59.159817,327,False,0.830386358325718,390,229,False,"[0.5387291194750146, 0.07390667089614057, 0.21684141600343368, 0.17052279362541112]",COMPLETE
28,11098.152777777777,2025-06-07 00:14:56.099857,2025-06-07 00:16:08.759241,0 days 00:01:12.659384,193,True,0.21607666175933132,954,656,True,"[0.353306164656575, 0.1040519872397367, 0.5347681796427336, 0.007873668460954596]",COMPLETE
29,11187.902777777777,2025-06-07 00:16:08.759779,2025-06-07 00:16:21.839221,0 days 00:00:13.079442,523,False,0.4248360978140032,35,8,False,"[0.07644488037209345, 0.04246319361867997, 0.8032757540443022, 0.07781617196492441]",COMPLETE
30,11183.902777777777,2025-06-07 00:16:21.839798,2025-06-07 00:17:27.684791,0 days 00:01:05.844993,866,True,0.132803970132463,126,65,True,"[0.4503013922242291, 0.11021301737988695, 0.228549486578095, 0.21093610381778907]",COMPLETE
31,11176.833333333334,2025-06-07 00:17:27.685059,2025-06-07 00:18:33.378693,0 days 00:01:05.693634,153,True,0.9395510813623074,493,175,True,"[0.3497709979246678, 0.029163078105649793, 0.5350852799594962, 0.08598064401018629]",COMPLETE
32,11081.5,2025-06-07 00:18:33.379190,2025-06-07 00:18:48.602743,0 days 00:00:15.223553,557,True,0.29256323173896376,589,566,False,"[0.18186050607310963, 0.5360377552452223, 0.17577392636414615, 0.10632781231752199]",COMPLETE
33,11168.402777777777,2025-06-07 00:18:48.603242,2025-06-07 00:30:59.629442,0 days 00:12:11.026200,673,False,0.586237345853954,788,222,True,"[0.01471869621513478, 0.39696926280478395, 0.3533287705565238, 0.23498327042355735]",COMPLETE
34,11174.458333333334,2025-06-07 00:30:59.629942,2025-06-07 00:37:16.849063,0 days 00:06:17.219121,345,True,0.9484201847708501,962,223,False,"[0.0013552173556687821, 0.4771084588257346, 0.20475857328001273, 0.3167777505385838]",COMPLETE
35,11098.013888888889,2025-06-07 00:37:16.849747,2025-06-07 00:39:28.598003,0 days 00:02:11.748256,300,True,0.01421038404338169,851,526,True,"[0.3868732612516169, 0.2293154916542282, 0.2444553380279691, 0.13935590906618583]",COMPLETE
36,11156.444444444445,2025-06-07 00:39:28.598384,2025-06-07 00:44:31.981813,0 days 00:05:03.383429,502,True,0.13762647114222773,643,237,True,"[0.07188441305540286, 0.1445682629484597, 0.646570512944883, 0.1369768110512544]",COMPLETE
37,11106.597222222223,2025-06-07 00:44:31.982191,2025-06-07 00:44:41.214699,0 days 00:00:09.232508,106,True,0.9599129887468741,864,840,True,"[0.47824279780739115, 0.18991940580889213, 0.06586324216224904, 0.2659745542214677]",COMPLETE
38,11176.347222222223,2025-06-07 00:44:41.215518,2025-06-07 00:46:30.333110,0 days 00:01:49.117592,413,True,0.05432032742325161,240,32,True,"[0.22513742599446038, 0.29543569337114034, 0.17880241949612702, 0.30062446113827235]",COMPLETE
39,11184.513888888889,2025-06-07 00:46:30.333667,2025-06-07 00:46:37.941518,0 days 00:00:07.607851,88,False,0.2458764754331391,98,66,True,"[0.10946303577607258, 0.4465311446036499, 0.2175027296431293, 0.22650308997714813]",COMPLETE
40,11187.805555555555,2025-06-07 00:46:37.941823,2025-06-07 00:47:05.789082,0 days 00:00:27.847259,277,False,0.3019954372119806,140,8,False,"[0.29029570925453224, 0.3006740406756775, 0.37763705588083757, 0.03139319418895269]",COMPLETE
41,11185.208333333334,2025-06-07 00:47:05.789652,2025-06-07 00:49:34.646659,0 days 00:02:28.857007,290,False,0.7879684212819057,386,70,True,"[0.7663708069559614, 0.05575620876863365, 0.07565532605991603, 0.10221765821548895]",COMPLETE
42,11165.486111111111,2025-06-07 00:49:34.647193,2025-06-07 00:50:29.221493,0 days 00:00:54.574300,267,True,0.2732762586196181,380,223,True,"[0.3246757171249298, 0.3154901162043157, 0.3220494205571397, 0.037784746113614744]",COMPLETE
43,11186.013888888889,2025-06-07 00:50:29.222059,2025-06-07 00:51:26.643448,0 days 00:00:57.421389,802,False,0.3071964793461057,86,45,True,"[0.11059623110603521, 0.057456092101799985, 0.035713525001528065, 0.7962341517906368]",COMPLETE
44,11182.041666666666,2025-06-07 00:51:26.643801,2025-06-07 00:54:08.485731,0 days 00:02:41.841930,436,True,0.6810297255826302,515,276,False,"[0.11812323235298472, 0.15463102353528363, 0.3842653764130307, 0.34298036769870077]",COMPLETE
45,11131.972222222223,2025-06-07 00:54:08.486152,2025-06-07 00:55:51.259307,0 days 00:01:42.773155,195,True,0.45699759880247426,905,492,True,"[0.22711436187093847, 0.2592980923649342, 0.4096243778997917, 0.10396316786433574]",COMPLETE
46,11034.708333333334,2025-06-07 00:55:51.259562,2025-06-07 01:00:33.789539,0 days 00:04:42.529977,905,True,0.32806496075400465,693,485,True,"[0.420240105288073, 0.04508837739536972, 0.35442818673573057, 0.1802433305808268]",COMPLETE
47,11171.75,2025-06-07 01:00:33.790074,2025-06-07 01:11:09.241034,0 days 00:10:35.450960,799,True,0.5908021969930376,960,440,True,"[0.5374747221928675, 0.19002507292843474, 0.23975015549511558, 0.03275004938358224]",COMPLETE
48,11061.736111111111,2025-06-07 01:11:09.241442,2025-06-07 01:14:12.748224,0 days 00:03:03.506782,823,True,0.16009563452205802,910,742,False,"[0.4145950184954704, 0.16018633556733994, 0.2258596581148909, 0.19935898782229874]",COMPLETE
49,11185.097222222223,2025-06-07 01:14:12.748851,2025-06-07 01:20:40.515150,0 days 00:06:27.766299,266,False,0.9580647564197466,851,29,False,"[0.18925485498888842, 0.21443458533703932, 0.1403758000555315, 0.4559347596185408]",COMPLETE
50,11178.111111111111,2025-06-07 01:20:40.515428,2025-06-07 01:28:15.604563,0 days 00:07:35.089135,407,True,0.9444109304121213,930,93,True,"[0.32843333798824903, 0.11366450383343195, 0.38188588589005085, 0.17601627228826816]",COMPLETE
51,11187.930555555555,2025-06-07 01:28:15.605061,2025-06-07 01:28:42.343450,0 days 00:00:26.738389,618,False,0.42893813105324136,42,1,False,"[0.31402180243292244, 0.31308828253841064, 0.20518024798143578, 0.1677096670472311]",COMPLETE
52,11170.166666666666,2025-06-07 01:28:42.343833,2025-06-07 01:28:49.504564,0 days 00:00:07.160731,139,False,0.6182432989937224,21,3,True,"[0.23697815519260423, 0.44341310638748455, 0.3150803974118721, 0.004528341008039095]",COMPLETE
53,11078.625,2025-06-07 01:28:49.505129,2025-06-07 01:29:00.770106,0 days 00:00:11.264977,643,True,0.06617359873747665,495,489,False,"[0.0004927165070920096, 0.45828101136498844, 0.16127564734081787, 0.3799506247871016]",COMPLETE
54,11150.833333333334,2025-06-07 01:29:00.770464,2025-06-07 01:30:50.806550,0 days 00:01:50.036086,253,True,0.4242408104589776,669,346,True,"[0.05396021613219965, 0.7440700801326436, 0.08936609165537134, 0.11260361207978539]",COMPLETE
55,11066.125,2025-06-07 01:30:50.806934,2025-06-07 01:31:12.446408,0 days 00:00:21.639474,367,False,0.046915296265522335,831,768,False,"[0.17220768401903397, 0.7651858122859718, 0.0323021039555123, 0.030304399739481746]",COMPLETE
56,11143.847222222223,2025-06-07 01:31:12.446979,2025-06-07 01:47:43.275656,0 days 00:16:30.828677,970,True,0.9910272209276452,906,269,True,"[0.5288877066741169, 0.010735107055006276, 0.22190075382979974, 0.23847643244107702]",COMPLETE
57,11185.583333333334,2025-06-07 01:47:43.276063,2025-06-07 01:47:59.780074,0 days 00:00:16.504011,693,False,0.880956771909172,67,49,False,"[0.6129665589070005, 0.14342454739614893, 0.0849285982734962, 0.1586802954233545]",COMPLETE
58,11172.083333333334,2025-06-07 01:47:59.780703,2025-06-07 01:48:29.196058,0 days 00:00:29.415355,245,True,0.30485947056256485,180,81,False,"[0.23437479792722374, 0.2532835836116577, 0.33584003929057943, 0.17650157917053902]",COMPLETE
59,11048.166666666666,2025-06-07 01:48:29.196317,2025-06-07 01:49:19.436950,0 days 00:00:50.240633,638,False,0.7502633321625792,869,817,True,"[0.2473255298533926, 0.49395871004958636, 0.11233060003358218, 0.14638516006343896]",COMPLETE
60,11186.180555555555,2025-06-07 01:49:19.437216,2025-06-07 01:50:12.539141,0 days 00:00:53.101925,80,False,0.41765140204641976,300,46,False,"[0.272440352690174, 0.007440661191470624, 0.06051750081920733, 0.6596014852991479]",COMPLETE
61,11172.222222222223,2025-06-07 01:50:12.539662,2025-06-07 02:00:13.080859,0 days 00:10:00.541197,969,True,0.5920459579243131,551,152,True,"[0.2842763125397185, 0.26960563594559467, 0.2867307450551143, 0.15938730645957244]",COMPLETE
62,11186.208333333334,2025-06-07 02:00:13.081493,2025-06-07 02:03:05.788488,0 days 00:02:52.706995,461,False,0.5058546510576577,408,102,False,"[0.34082185977299806, 0.22945514237933023, 0.2634271916614918, 0.1662958061861797]",COMPLETE
63,11109.930555555555,2025-06-07 02:03:05.789128,2025-06-07 02:03:47.414149,0 days 00:00:41.625021,340,False,0.049592915383577484,925,797,False,"[0.04910921078893658, 0.2929254284435823, 0.6345012690375903, 0.023464091729890987]",COMPLETE
64,11175.680555555555,2025-06-07 02:03:47.414519,2025-06-07 02:08:20.119895,0 days 00:04:32.705376,743,False,0.710107345916901,684,426,False,"[0.42073291843295285, 0.23337333063675939, 0.11861073851108714, 0.2272830124192008]",COMPLETE
65,11187.305555555555,2025-06-07 02:08:20.120432,2025-06-07 02:10:52.511184,0 days 00:02:32.390752,548,False,0.709916155316265,290,9,False,"[0.029112107780899333, 0.6258665185969662, 0.25677055308417757, 0.08825082053795695]",COMPLETE
66,11175.25,2025-06-07 02:10:52.511557,2025-06-07 02:11:38.198816,0 days 00:00:45.687259,98,True,0.3429257623729071,412,10,True,"[0.7485255786275625, 0.124607809884062, 0.012663692012428967, 0.1142029194759465]",COMPLETE
67,11163.875,2025-06-07 02:11:38.199364,2025-06-07 02:16:37.294308,0 days 00:04:59.094944,581,False,0.9479632986790664,699,470,True,"[0.37261867199997345, 0.08321318531130033, 0.12460840660289302, 0.4195597360858333]",COMPLETE
68,11187.819444444445,2025-06-07 02:16:37.294890,2025-06-07 02:16:49.670388,0 days 00:00:12.375498,964,True,0.8130512924024597,26,18,True,"[0.1909930203608921, 0.4866008676718526, 0.0995754294590653, 0.2228306825081899]",COMPLETE
69,11166.736111111111,2025-06-07 02:16:49.670760,2025-06-07 02:18:22.366964,0 days 00:01:32.696204,448,False,0.09170396056834464,525,364,False,"[0.2395706509083237, 0.08491322606661195, 0.43898436409923075, 0.23653175892583364]",COMPLETE
70,11153.847222222223,2025-06-07 02:18:22.367526,2025-06-07 02:18:29.070488,0 days 00:00:06.702962,623,False,0.8710421632859819,142,139,False,"[0.4823579606607722, 0.26932836506284635, 0.09468793476654416, 0.1536257395098373]",COMPLETE
71,11010.666666666666,2025-06-07 02:18:29.070891,2025-06-07 02:19:53.180595,0 days 00:01:24.109704,832,False,0.03696174979371234,969,891,True,"[0.023498265007176965, 0.2246906677604547, 0.22411350826841964, 0.5276975589639487]",COMPLETE
72,11180.069444444445,2025-06-07 02:19:53.181078,2025-06-07 02:21:50.534846,0 days 00:01:57.353768,169,False,0.9070598431656174,888,396,True,"[0.7963392081345465, 0.005765116387592093, 0.15932283683421353, 0.0385728386436477]",COMPLETE
73,11187.472222222223,2025-06-07 02:21:50.535287,2025-06-07 02:26:33.799356,0 days 00:04:43.264069,700,False,0.06082440965307411,255,11,False,"[0.4569096376481109, 0.056986852240351986, 0.10134587123762816, 0.38475763887390885]",COMPLETE
74,11185.930555555555,2025-06-07 02:26:33.799647,2025-06-07 02:31:05.091405,0 days 00:04:31.291758,676,False,0.996966326826016,534,163,False,"[0.44193871081257696, 0.24445706471119366, 0.20551366246425165, 0.10809056201197767]",COMPLETE
75,11138.986111111111,2025-06-07 02:31:05.092194,2025-06-07 02:31:39.003139,0 days 00:00:33.910945,183,True,0.06408120310195338,335,228,True,"[0.047850013852065006, 0.051463661791329454, 0.3474779070419529, 0.5532084173146525]",COMPLETE
76,11184.875,2025-06-07 02:31:39.003632,2025-06-07 02:33:51.178027,0 days 00:02:12.174395,519,True,0.33780242700071145,374,171,False,"[0.31560640000084106, 0.33326502754188764, 0.14216510903672394, 0.20896346342054728]",COMPLETE
77,11181.694444444445,2025-06-07 02:33:51.178287,2025-06-07 02:39:07.881151,0 days 00:05:16.702864,595,False,0.9982794379343267,663,263,False,"[0.5713594349325903, 0.1894476454098579, 0.03319921921600627, 0.20599370044154547]",COMPLETE
78,11082.736111111111,2025-06-07 02:39:07.881731,2025-06-07 02:43:57.408408,0 days 00:04:49.526677,977,True,0.697851980862654,891,681,False,"[0.06276367123422821, 0.4753433607767487, 0.24194879430204813, 0.21994417368697508]",COMPLETE
79,11180.666666666666,2025-06-07 02:43:57.408773,2025-06-07 02:44:45.860540,0 days 00:00:48.451767,438,True,0.9578234412104798,527,407,False,"[0.3579642862046059, 0.03430972425288676, 0.5481465746229897, 0.05957941491951776]",COMPLETE
80,11093.402777777777,2025-06-07 02:44:45.861118,2025-06-07 02:45:09.142941,0 days 00:00:23.281823,850,True,0.4000020888400768,937,921,True,"[0.7495366685591074, 0.017422518892552908, 0.06784503171287472, 0.165195780835465]",COMPLETE
81,11183.347222222223,2025-06-07 02:45:09.143646,2025-06-07 02:46:05.445883,0 days 00:00:56.302237,864,True,0.580919765812719,106,53,True,"[0.0462467209585297, 0.14665015171410048, 0.5778610276176079, 0.22924209970976184]",COMPLETE
82,11186.319444444445,2025-06-07 02:46:05.446146,2025-06-07 02:46:45.935566,0 days 00:00:40.489420,476,False,0.9790024016896247,124,57,False,"[0.1253226728959432, 0.4172241203412641, 0.1977405425796255, 0.2597126641831672]",COMPLETE
83,11184.527777777777,2025-06-07 02:46:45.936036,2025-06-07 02:47:46.650572,0 days 00:01:00.714536,410,True,0.3450286911207566,406,272,False,"[0.13705655059779767, 0.04729948547195923, 0.6763453271656787, 0.13929863676456436]",COMPLETE
84,11184.819444444445,2025-06-07 02:47:46.651031,2025-06-07 02:48:06.728803,0 days 00:00:20.077772,618,True,0.6531143187914097,79,65,False,"[0.210966930109274, 0.0869393392426761, 0.22787210079428336, 0.47422162985376665]",COMPLETE
85,11183.888888888889,2025-06-07 02:48:06.729304,2025-06-07 02:53:09.723824,0 days 00:05:02.994520,411,False,0.7367797341112844,328,10,True,"[0.007896193154026818, 0.20949632623263423, 0.20229765377688158, 0.5803098268364574]",COMPLETE
86,11175.541666666666,2025-06-07 02:53:09.724344,2025-06-07 02:53:31.509660,0 days 00:00:21.785316,960,True,0.03013185437921543,112,97,True,"[0.5070678787403076, 0.07773277476226934, 0.20112943152758364, 0.21406991496983938]",COMPLETE
87,11186.777777777777,2025-06-07 02:53:31.510030,2025-06-07 02:53:42.802756,0 days 00:00:11.292726,198,True,0.8420913089594726,28,14,False,"[0.029673387814898335, 0.32234443761975845, 0.15988374752610168, 0.4880984270392416]",COMPLETE
88,11187.277777777777,2025-06-07 02:53:42.803154,2025-06-07 02:53:58.129618,0 days 00:00:15.326464,229,False,0.0670171631927208,109,29,False,"[0.07823334379426898, 0.7277063701372117, 0.16291205538882556, 0.03114823067969382]",COMPLETE
89,11182.125,2025-06-07 02:53:58.129881,2025-06-07 02:58:46.647096,0 days 00:04:48.517215,776,False,0.2001969498358741,462,71,False,"[0.146144593132983, 0.7396180172010937, 0.08894540090550491, 0.025291988760418424]",COMPLETE
90,11186.527777777777,2025-06-07 02:58:46.647490,2025-06-07 03:18:38.459023,0 days 00:19:51.811533,754,False,0.894899908627783,928,27,False,"[0.36764219875361953, 0.14132065630960094, 0.1001468568825742, 0.3908902880542053]",COMPLETE
